<?xml version="1.0" encoding="UTF-8"?>
<testng-results skipped="0" failed="0" total="3" passed="3">
  <reporter-output>
  </reporter-output>
  <suite name="Suite" duration-ms="31971" started-at="2018-04-17T15:30:49Z" finished-at="2018-04-17T15:31:21Z">
    <groups>
    </groups>
    <test name="IE" duration-ms="4194" started-at="2018-04-17T15:30:49Z" finished-at="2018-04-17T15:30:53Z">
      <class name="RestAssuredGroup.parallelTesting.CrossBrowserTesting">
        <test-method status="PASS" signature="crossBrowser(java.lang.String)[pri:0, instance:RestAssuredGroup.parallelTesting.CrossBrowserTesting@1562c0c]" name="crossBrowser" is-config="true" duration-ms="2093" started-at="2018-04-17T21:00:49Z" finished-at="2018-04-17T21:00:51Z">
          <params>
            <param index="0">
              <value>
                <![CDATA[IE]]>
              </value>
            </param>
          </params>
          <reporter-output>
          </reporter-output>
        </test-method> <!-- crossBrowser -->
        <test-method status="PASS" signature="getTitle()[pri:0, instance:RestAssuredGroup.parallelTesting.CrossBrowserTesting@1562c0c]" name="getTitle" duration-ms="1538" started-at="2018-04-17T21:00:51Z" finished-at="2018-04-17T21:00:52Z">
          <reporter-output>
          </reporter-output>
        </test-method> <!-- getTitle -->
        <test-method status="PASS" signature="tearDown()[pri:0, instance:RestAssuredGroup.parallelTesting.CrossBrowserTesting@1562c0c]" name="tearDown" is-config="true" duration-ms="538" started-at="2018-04-17T21:00:52Z" finished-at="2018-04-17T21:00:53Z">
          <reporter-output>
          </reporter-output>
        </test-method> <!-- tearDown -->
      </class> <!-- RestAssuredGroup.parallelTesting.CrossBrowserTesting -->
    </test> <!-- IE -->
    <test name="Chrome" duration-ms="13367" started-at="2018-04-17T15:30:49Z" finished-at="2018-04-17T15:31:02Z">
      <class name="RestAssuredGroup.parallelTesting.CrossBrowserTesting">
        <test-method status="PASS" signature="crossBrowser(java.lang.String)[pri:0, instance:RestAssuredGroup.parallelTesting.CrossBrowserTesting@118295d]" name="crossBrowser" is-config="true" duration-ms="5535" started-at="2018-04-17T21:00:49Z" finished-at="2018-04-17T21:00:54Z">
          <params>
            <param index="0">
              <value>
                <![CDATA[chrome]]>
              </value>
            </param>
          </params>
          <reporter-output>
          </reporter-output>
        </test-method> <!-- crossBrowser -->
        <test-method status="PASS" signature="getTitle()[pri:0, instance:RestAssuredGroup.parallelTesting.CrossBrowserTesting@118295d]" name="getTitle" duration-ms="6826" started-at="2018-04-17T21:00:54Z" finished-at="2018-04-17T21:01:01Z">
          <reporter-output>
          </reporter-output>
        </test-method> <!-- getTitle -->
        <test-method status="PASS" signature="tearDown()[pri:0, instance:RestAssuredGroup.parallelTesting.CrossBrowserTesting@118295d]" name="tearDown" is-config="true" duration-ms="993" started-at="2018-04-17T21:01:01Z" finished-at="2018-04-17T21:01:02Z">
          <reporter-output>
          </reporter-output>
        </test-method> <!-- tearDown -->
      </class> <!-- RestAssuredGroup.parallelTesting.CrossBrowserTesting -->
    </test> <!-- Chrome -->
    <test name="firefox" duration-ms="31971" started-at="2018-04-17T15:30:49Z" finished-at="2018-04-17T15:31:21Z">
      <class name="RestAssuredGroup.parallelTesting.CrossBrowserTesting">
        <test-method status="PASS" signature="crossBrowser(java.lang.String)[pri:0, instance:RestAssuredGroup.parallelTesting.CrossBrowserTesting@1aa9b89]" name="crossBrowser" is-config="true" duration-ms="24168" started-at="2018-04-17T21:00:49Z" finished-at="2018-04-17T21:01:13Z">
          <params>
            <param index="0">
              <value>
                <![CDATA[firefox]]>
              </value>
            </param>
          </params>
          <reporter-output>
          </reporter-output>
        </test-method> <!-- crossBrowser -->
        <test-method status="PASS" signature="getTitle()[pri:0, instance:RestAssuredGroup.parallelTesting.CrossBrowserTesting@1aa9b89]" name="getTitle" duration-ms="6180" started-at="2018-04-17T21:01:13Z" finished-at="2018-04-17T21:01:19Z">
          <reporter-output>
          </reporter-output>
        </test-method> <!-- getTitle -->
        <test-method status="PASS" signature="tearDown()[pri:0, instance:RestAssuredGroup.parallelTesting.CrossBrowserTesting@1aa9b89]" name="tearDown" is-config="true" duration-ms="1612" started-at="2018-04-17T21:01:19Z" finished-at="2018-04-17T21:01:21Z">
          <reporter-output>
          </reporter-output>
        </test-method> <!-- tearDown -->
      </class> <!-- RestAssuredGroup.parallelTesting.CrossBrowserTesting -->
    </test> <!-- firefox -->
  </suite> <!-- Suite -->
</testng-results>
